


ARM Macro Assembler    Page 1 


    1 00000000                 AREA             |.text|, CODE, READONLY, ALIGN=
2
    2 00000000                 THUMB
    3 00000000         
    4 00000000         ;;;;;;;;;;;;;;;;;;;;;;;;;;;;;;;;;;;;;;;;;;;;;;;;;;;;;;;;
                       ;;;;;;;;;;;;;;;;;;;;;;;;;;;;;;;
    5 00000000         ; void _bzero( void *s, int n )
    6 00000000         ; Parameters
    7 00000000         ; s   - pointer to the memory location to zero-initializ
                       e
    8 00000000         ; n  - a number of bytes to zero-initialize
    9 00000000         ; Return value
   10 00000000         ;   none
   11 00000000                 EXPORT           _bzero
   12 00000000         _bzero
   13 00000000         ; r0 = s
   14 00000000         ; r1 = n
   15 00000000 E92D 5FFE       PUSH             {r1-r12,lr}
   16 00000004         ; you need to add some code here for part 1 implmentatio
                       n
   17 00000004 F04F 0200       MOV              R2, #0      ; This is value use
                                                            d to zero out the s
                                                            tring 
   18 00000008         for
   19 00000008 2900            CMP              R1, #0      ; check if it reach
                                                            ed to end of the st
                                                            ring 
   20 0000000A D004            BEQ              end_for     ;jump to end if rea
                                                            ched to end 
   21 0000000C F800 2B01       STRB             R2, [R0], #1 ;replace the str[i
                                                            ] with zero 
   22 00000010 F1A1 0101       SUB              R1, R1, #1  ; move to next inde
                                                            x
   23 00000014 E7F8            B                for         ; start the loop ag
                                                            ain 
   24 00000016         end_for
   25 00000016 E8BD 5FFE       POP              {r1-r12,lr}
   26 0000001A 4770            BX               lr
   27 0000001C         
   28 0000001C         
   29 0000001C         
   30 0000001C         ;;;;;;;;;;;;;;;;;;;;;;;;;;;;;;;;;;;;;;;;;;;;;;;;;;;;;;;;
                       ;;;;;;;;;;;;;;;;;;;;;;;;;;;;;;;
   31 0000001C         ; char* _strncat( char* dest, char* src, int size )
   32 0000001C         ; Parameters
   33 0000001C         ;   dest  - pointer to the destination array
   34 0000001C         ; src  - pointer to string to be appended
   35 0000001C         ; size - Maximum number of characters to be appended
   36 0000001C         ; Return value
   37 0000001C         ;   dest
   38 0000001C                 EXPORT           _strncpy
   39 0000001C         _strncpy
   40 0000001C         ; r0 = dest
   41 0000001C         ; r1 = src
   42 0000001C         ; r2 = size
   43 0000001C E92D 5FFE       PUSH             {r1-r12,lr}
   44 00000020         loop
   45 00000020 2A00            CMP              R2, #0      ;check is stringA r
                                                            eached to end where



ARM Macro Assembler    Page 2 


                                                             n==0 
   46 00000022 D006            BEQ              end_loop    ;finish the loop 
   47 00000024 F811 3B01       LDRB             R3, [R1], #1 ;get the value of 
                                                            stringA[i] and save
                                                             to R3 and advance 
                                                            the index 
   48 00000028 F800 3B01       STRB             R3, [R0], #1 ;store the R3 to s
                                                            tringB[i] and advan
                                                            ce the index 
   49 0000002C F1A2 0201       SUB              R2, R2, #1  ;subtract 1 from n
   50 00000030 E7F6            B                loop        ;start the loop aga
                                                            in
   51 00000032         end_loop
   52 00000032 E8BD 5FFE       POP              {r1-r12,lr}
   53 00000036 4770            BX               lr
   54 00000038         
   55 00000038         ;;;;;;;;;;;;;;;;;;;;;;;;;;;;;;;;;;;;;;;;;;;;;;;;;;;;;;;;
                       ;;;;;;;;;;;;;;;;;;;;;;;;;;;;;;;
   56 00000038         ; void* _malloc( int size )
   57 00000038         ; Parameters
   58 00000038         ; size - #bytes to allocate
   59 00000038         ; Return value
   60 00000038         ;   void* a pointer to the allocated space
   61 00000038                 EXPORT           _malloc
   62 00000038         _malloc
   63 00000038         ; r0 = size
   64 00000038 E92D 5FFE       PUSH             {r1-r12,lr}
   65 0000003C         ; you need to add two lines of code here for part 2 impl
                       mentation
   66 0000003C E8BD 5FFE       POP              {r1-r12,lr}
   67 00000040 4770            BX               lr
   68 00000042         
   69 00000042         ;;;;;;;;;;;;;;;;;;;;;;;;;;;;;;;;;;;;;;;;;;;;;;;;;;;;;;;;
                       ;;;;;;;;;;;;;;;;;;;;;;;;;;;;;;;
   70 00000042         ; void _free( void* addr )
   71 00000042         ; Parameters
   72 00000042         ; size - the address of a space to deallocate
   73 00000042         ; Return value
   74 00000042         ;   none
   75 00000042                 EXPORT           _free
   76 00000042         _free
   77 00000042         ; r0 = addr
   78 00000042 E92D 5FFE       PUSH             {r1-r12,lr}
   79 00000046         ; you need to add two lines of code here for part 2 impl
                       mentation
   80 00000046 E8BD 5FFE       POP              {r1-r12,lr}
   81 0000004A 4770            BX               lr
   82 0000004C         
   83 0000004C                 END
Command Line: --debug --xref --diag_suppress=9931 --cpu=Cortex-M4.fp --depend=.
\objects\stdlib_template.d -o.\objects\stdlib_template.o -I.\RTE\_Target_1 -I"C
:\Program Files\Keil\ARM\PACK\ARM\CMSIS\5.8.0\CMSIS\Core\Include" -I"C:\Program
 Files\Keil\ARM\PACK\Keil\TM4C_DFP\1.1.0\Device\Include\TM4C129" --predefine="_
_EVAL SETA 1" --predefine="__UVISION_VERSION SETA 526" --predefine="_RTE_ SETA 
1" --predefine="TM4C129XNCZAD SETA 1" --list=.\listings\stdlib_template.lst std
lib_template.s



ARM Macro Assembler    Page 1 Alphabetic symbol ordering
Relocatable symbols

.text 00000000

Symbol: .text
   Definitions
      At line 1 in file stdlib_template.s
   Uses
      None
Comment: .text unused
_bzero 00000000

Symbol: _bzero
   Definitions
      At line 12 in file stdlib_template.s
   Uses
      At line 11 in file stdlib_template.s
Comment: _bzero used once
_free 00000042

Symbol: _free
   Definitions
      At line 76 in file stdlib_template.s
   Uses
      At line 75 in file stdlib_template.s
Comment: _free used once
_malloc 00000038

Symbol: _malloc
   Definitions
      At line 62 in file stdlib_template.s
   Uses
      At line 61 in file stdlib_template.s
Comment: _malloc used once
_strncpy 0000001C

Symbol: _strncpy
   Definitions
      At line 39 in file stdlib_template.s
   Uses
      At line 38 in file stdlib_template.s
Comment: _strncpy used once
end_for 00000016

Symbol: end_for
   Definitions
      At line 24 in file stdlib_template.s
   Uses
      At line 20 in file stdlib_template.s
Comment: end_for used once
end_loop 00000032

Symbol: end_loop
   Definitions
      At line 51 in file stdlib_template.s
   Uses
      At line 46 in file stdlib_template.s
Comment: end_loop used once
for 00000008

Symbol: for



ARM Macro Assembler    Page 2 Alphabetic symbol ordering
Relocatable symbols

   Definitions
      At line 18 in file stdlib_template.s
   Uses
      At line 23 in file stdlib_template.s
Comment: for used once
loop 00000020

Symbol: loop
   Definitions
      At line 44 in file stdlib_template.s
   Uses
      At line 50 in file stdlib_template.s
Comment: loop used once
9 symbols
344 symbols in table
